<?xml version="1.0" encoding="UTF-8"?>
<testsuite xmlns:xsi="http://www.w3.org/2001/XMLSchema-instance" xsi:noNamespaceSchemaLocation="https://maven.apache.org/surefire/maven-surefire-plugin/xsd/surefire-test-report.xsd" version="3.0.2" name="tech.demo.DemoApplicationTests" time="4.787" tests="1" errors="0" skipped="0" failures="0">
  <properties>
[...]
</properties>
  <testcase name="contextLoads" classname="tech.demo.DemoApplicationTests" time="1.145">
    <system-out><![CDATA[22:47:30.918 [main] INFO org.springframework.test.context.support.AnnotationConfigContextLoaderUtils -- Could not detect default configuration classes for test class [tech.demo.DemoApplicationTests]: DemoApplicationTests does not declare any static, non-private, non-final, nested classes annotated with @Configuration.
22:47:31.097 [main] INFO org.springframework.boot.test.context.SpringBootTestContextBootstrapper -- Found @SpringBootConfiguration tech.demo.DemoApplication for test class tech.demo.DemoApplicationTests
22:47:31.387 [main] INFO org.springframework.boot.devtools.restart.RestartApplicationListener -- Restart disabled due to context in which it is running
10:47  INFO 12496 --- [demo] [           main] tech.demo.DemoApplicationTests           : Starting DemoApplicationTests using Java 23.0.1 with PID 12496 (started by Edu in C:\Users\Edu\Desktop\2025\UNIVERSIDAD\7mo cuatri\Desarrollo web y patrones\ejrr-tienda\tiendaTech)
10:47  INFO 12496 --- [demo] [           main] tech.demo.DemoApplicationTests           : No active profile set, falling back to 1 default profile: "default"
10:47  INFO 12496 --- [demo] [           main] o.s.b.a.w.s.WelcomePageHandlerMapping    : Adding welcome page template: index
10:47  INFO 12496 --- [demo] [           main] tech.demo.DemoApplicationTests           : Started DemoApplicationTests in 2.941 seconds (process running for 4.557)
]]></system-out>
    <system-err><![CDATA[Mockito is currently self-attaching to enable the inline-mock-maker. This will no longer work in future releases of the JDK. Please add Mockito as an agent to your build as described in Mockito's documentation: https://javadoc.io/doc/org.mockito/mockito-core/latest/org.mockito/org/mockito/Mockito.html#0.3
WARNING: A Java agent has been loaded dynamically (C:\Users\Edu\.m2\repository\net\bytebuddy\byte-buddy-agent\1.17.7\byte-buddy-agent-1.17.7.jar)
WARNING: If a serviceability tool is in use, please run with -XX:+EnableDynamicAgentLoading to hide this warning
WARNING: If a serviceability tool is not in use, please run with -Djdk.instrument.traceUsage for more information
WARNING: Dynamic loading of agents will be disallowed by default in a future release
]]></system-err>
  </testcase>
</testsuite>